<?xml version="1.0" encoding="UTF-8"?>
<!-- Generated by org.testng.reporters.JUnitReportReporter -->
<testsuite skipped="0" hostname="chinmaya-PC" name="com.healthCareDomain.practo.testCases.LoginTest" tests="1" failures="0" timestamp="28 Jan 2019 17:24:12 GMT" time="42.581" errors="0">
  <testcase name="loginToapp001" time="42.581" classname="com.healthCareDomain.practo.testCases.LoginTest"/>
</testsuite> <!-- com.healthCareDomain.practo.testCases.LoginTest -->
